1\sum_{p q r s a b i j c k }<1\sum_{p q r s a b i j c k }<1\sum_{p q r s a b i j c k }<1\sum_{p q r s a b i j c k }<1\sum_{p q r s a b i j c k }<1\sum_{p q r s a b i j c k }<pq||1\sum_{p q r s a b i j c k }<pq||rs>T^{ab}_{ij}T^{c}_{k}E^{pqabc}_{rsijk}\\ 
------------\\ 
1\sum_{p q r s a b i j c k }<pq||rs>T^{ab}_{ij}T^{c}_{k}E^{pqabc}_{rsijk}\\ 
------------\\ 
1<lm||ni1>T^{ab}_{ij}T^{c}_{k}E^{lmabc}_{ni1ijk}\\ 
1<lm||nd>T^{ab}_{ij}T^{c}_{k}E^{lmabc}_{ndijk}\\ 
1<lm||dn>T^{ab}_{ij}T^{c}_{k}E^{lmabc}_{dnijk}\\ 
1<lm||de>T^{ab}_{ij}T^{c}_{k}E^{lmabc}_{deijk}\\ 
1<ld||mn>T^{ab}_{ij}T^{c}_{k}E^{ldabc}_{mnijk}\\ 
1<ld||me>T^{ab}_{ij}T^{c}_{k}E^{ldabc}_{meijk}\\ 
1<ld||em>T^{ab}_{ij}T^{c}_{k}E^{ldabc}_{emijk}\\ 
1<ld||ef>T^{ab}_{ij}T^{c}_{k}E^{ldabc}_{efijk}\\ 
1<dl||mn>T^{ab}_{ij}T^{c}_{k}E^{dlabc}_{mnijk}\\ 
1<dl||me>T^{ab}_{ij}T^{c}_{k}E^{dlabc}_{meijk}\\ 
1<dl||em>T^{ab}_{ij}T^{c}_{k}E^{dlabc}_{emijk}\\ 
1<dl||ef>T^{ab}_{ij}T^{c}_{k}E^{dlabc}_{efijk}\\ 
1<de||lm>T^{ab}_{ij}T^{c}_{k}E^{deabc}_{lmijk}\\ 
1<de||lf>T^{ab}_{ij}T^{c}_{k}E^{deabc}_{lfijk}\\ 
1<de||fl>T^{ab}_{ij}T^{c}_{k}E^{deabc}_{flijk}\\ 
1<de||fg>T^{ab}_{ij}T^{c}_{k}E^{deabc}_{fgijk}\\ 
------------\\ 
